<?xml version="1.0" encoding="UTF-8"?>
<testsuite xmlns:xsi="http://www.w3.org/2001/XMLSchema-instance" xsi:noNamespaceSchemaLocation="https://maven.apache.org/surefire/maven-surefire-plugin/xsd/surefire-test-report.xsd" name="Cucumber.Options.TestRunner" time="12.522" tests="12" errors="0" skipped="0" failures="0">
  <properties>
[...]
</properties>
  <testcase name="Add Place Payload with -38.383494 33.427362 &quot;Jobins House&quot; &quot;www.test.com&quot; &quot;indi&quot;" classname="Verify if Place is being succesfully added using AddPlaceAPI" time="1.544"/>
  <testcase name="user calls &quot;AddPlaceAPI&quot; with &quot;Post&quot; http request" classname="Verify if Place is being succesfully added using AddPlaceAPI" time="2.288"/>
  <testcase name="the API call is success with status code 200" classname="Verify if Place is being succesfully added using AddPlaceAPI" time="0.01"/>
  <testcase name="&quot;status&quot; in response body is &quot;OK&quot;" classname="Verify if Place is being succesfully added using AddPlaceAPI" time="2.351"/>
  <testcase name="&quot;scope&quot; in response body is &quot;APP&quot;" classname="Verify if Place is being succesfully added using AddPlaceAPI" time="0.039"/>
  <testcase name="verify place_id created maps to &quot;Jobins House&quot; using &quot;GetPlaceAPI&quot;" classname="Verify if Place is being succesfully added using AddPlaceAPI" time="2.395"/>
  <testcase name="Verify if Place is being succesfully added using AddPlaceAPI" classname="Verify if Place is being succesfully added using AddPlaceAPI" time="2.405"/>
  <testcase name="Delete Place Payload" classname="Verify if Delete Place API functionality is working" time="0.005"/>
  <testcase name="user calls &quot;DeletePlaceAPI&quot; with &quot;Post&quot; http request" classname="Verify if Delete Place API functionality is working" time="2.402"/>
  <testcase name="the API call is success with status code 200" classname="Verify if Delete Place API functionality is working" time="0.001"/>
  <testcase name="&quot;status&quot; in response body is &quot;OK&quot;" classname="Verify if Delete Place API functionality is working" time="0.055"/>
  <testcase name="Verify if Delete Place API functionality is working" classname="Verify if Delete Place API functionality is working" time="0.056"/>
</testsuite>